<?xml version="1.0" encoding="UTF-8"?>
<testsuite xmlns:xsi="http://www.w3.org/2001/XMLSchema-instance" xsi:noNamespaceSchemaLocation="https://maven.apache.org/surefire/maven-surefire-plugin/xsd/surefire-test-report.xsd" version="3.0.2" name="edu.baker.finalproject.BigDecimalUtilsTest" time="0.449" tests="106" errors="0" skipped="0" failures="0">
  <properties>
    <property name="sun.desktop" value="gnome"/>
    <property name="awt.toolkit" value="sun.awt.X11.XToolkit"/>
    <property name="java.specification.version" value="11"/>
    <property name="sun.cpu.isalist" value=""/>
    <property name="sun.jnu.encoding" value="UTF-8"/>
    <property name="java.class.path" value="/home/noah/Desktop/School/FinalProject/FinalProject_Group1Hydrogen/FinalProject_Group1Hydrogen/FinalProject/target/test-classes:/home/noah/Desktop/School/FinalProject/FinalProject_Group1Hydrogen/FinalProject_Group1Hydrogen/FinalProject/target/classes:/home/noah/.m2/repository/org/hamcrest/hamcrest/3.0/hamcrest-3.0.jar:/home/noah/.m2/repository/org/junit/jupiter/junit-jupiter-api/5.6.0/junit-jupiter-api-5.6.0.jar:/home/noah/.m2/repository/org/apiguardian/apiguardian-api/1.1.0/apiguardian-api-1.1.0.jar:/home/noah/.m2/repository/org/opentest4j/opentest4j/1.2.0/opentest4j-1.2.0.jar:/home/noah/.m2/repository/org/junit/platform/junit-platform-commons/1.6.0/junit-platform-commons-1.6.0.jar:/home/noah/.m2/repository/org/junit/jupiter/junit-jupiter-params/5.6.0/junit-jupiter-params-5.6.0.jar:/home/noah/.m2/repository/org/junit/jupiter/junit-jupiter-engine/5.6.0/junit-jupiter-engine-5.6.0.jar:/home/noah/.m2/repository/org/junit/platform/junit-platform-engine/1.6.0/junit-platform-engine-1.6.0.jar:/home/noah/.m2/repository/net/jqwik/jqwik-api/1.9.0/jqwik-api-1.9.0.jar:/home/noah/.m2/repository/net/jqwik/jqwik-engine/1.9.0/jqwik-engine-1.9.0.jar:/home/noah/.m2/repository/org/mockito/mockito-core/5.13.0/mockito-core-5.13.0.jar:/home/noah/.m2/repository/net/bytebuddy/byte-buddy/1.15.0/byte-buddy-1.15.0.jar:/home/noah/.m2/repository/net/bytebuddy/byte-buddy-agent/1.15.0/byte-buddy-agent-1.15.0.jar:/home/noah/.m2/repository/org/objenesis/objenesis/3.3/objenesis-3.3.jar:/home/noah/.m2/repository/org/mockito/mockito-junit-jupiter/5.13.0/mockito-junit-jupiter-5.13.0.jar:"/>
    <property name="java.vm.vendor" value="Amazon.com Inc."/>
    <property name="sun.arch.data.model" value="64"/>
    <property name="java.vendor.url" value="https://aws.amazon.com/corretto/"/>
    <property name="user.timezone" value=""/>
    <property name="java.vm.specification.version" value="11"/>
    <property name="os.name" value="Linux"/>
    <property name="user.country" value="US"/>
    <property name="sun.java.launcher" value="SUN_STANDARD"/>
    <property name="sun.boot.library.path" value="/usr/lib/jvm/java-11-amazon-corretto/lib"/>
    <property name="sun.java.command" value="/home/noah/Desktop/School/FinalProject/FinalProject_Group1Hydrogen/FinalProject_Group1Hydrogen/FinalProject/target/surefire/surefirebooter-20241020235533620_3.jar /home/noah/Desktop/School/FinalProject/FinalProject_Group1Hydrogen/FinalProject_Group1Hydrogen/FinalProject/target/surefire 2024-10-20T23-55-33_494-jvmRun1 surefire-20241020235533620_1tmp surefire_0-20241020235533620_2tmp"/>
    <property name="jdk.debug" value="release"/>
    <property name="surefire.test.class.path" value="/home/noah/Desktop/School/FinalProject/FinalProject_Group1Hydrogen/FinalProject_Group1Hydrogen/FinalProject/target/test-classes:/home/noah/Desktop/School/FinalProject/FinalProject_Group1Hydrogen/FinalProject_Group1Hydrogen/FinalProject/target/classes:/home/noah/.m2/repository/org/hamcrest/hamcrest/3.0/hamcrest-3.0.jar:/home/noah/.m2/repository/org/junit/jupiter/junit-jupiter-api/5.6.0/junit-jupiter-api-5.6.0.jar:/home/noah/.m2/repository/org/apiguardian/apiguardian-api/1.1.0/apiguardian-api-1.1.0.jar:/home/noah/.m2/repository/org/opentest4j/opentest4j/1.2.0/opentest4j-1.2.0.jar:/home/noah/.m2/repository/org/junit/platform/junit-platform-commons/1.6.0/junit-platform-commons-1.6.0.jar:/home/noah/.m2/repository/org/junit/jupiter/junit-jupiter-params/5.6.0/junit-jupiter-params-5.6.0.jar:/home/noah/.m2/repository/org/junit/jupiter/junit-jupiter-engine/5.6.0/junit-jupiter-engine-5.6.0.jar:/home/noah/.m2/repository/org/junit/platform/junit-platform-engine/1.6.0/junit-platform-engine-1.6.0.jar:/home/noah/.m2/repository/net/jqwik/jqwik-api/1.9.0/jqwik-api-1.9.0.jar:/home/noah/.m2/repository/net/jqwik/jqwik-engine/1.9.0/jqwik-engine-1.9.0.jar:/home/noah/.m2/repository/org/mockito/mockito-core/5.13.0/mockito-core-5.13.0.jar:/home/noah/.m2/repository/net/bytebuddy/byte-buddy/1.15.0/byte-buddy-1.15.0.jar:/home/noah/.m2/repository/net/bytebuddy/byte-buddy-agent/1.15.0/byte-buddy-agent-1.15.0.jar:/home/noah/.m2/repository/org/objenesis/objenesis/3.3/objenesis-3.3.jar:/home/noah/.m2/repository/org/mockito/mockito-junit-jupiter/5.13.0/mockito-junit-jupiter-5.13.0.jar:"/>
    <property name="sun.cpu.endian" value="little"/>
    <property name="user.home" value="/home/noah"/>
    <property name="user.language" value="en"/>
    <property name="java.specification.vendor" value="Oracle Corporation"/>
    <property name="java.version.date" value="2024-07-16"/>
    <property name="java.home" value="/usr/lib/jvm/java-11-amazon-corretto"/>
    <property name="file.separator" value="/"/>
    <property name="basedir" value="/home/noah/Desktop/School/FinalProject/FinalProject_Group1Hydrogen/FinalProject_Group1Hydrogen/FinalProject"/>
    <property name="java.vm.compressedOopsMode" value="Zero based"/>
    <property name="line.separator" value="&#10;"/>
    <property name="java.specification.name" value="Java Platform API Specification"/>
    <property name="java.vm.specification.vendor" value="Oracle Corporation"/>
    <property name="java.awt.graphicsenv" value="sun.awt.X11GraphicsEnvironment"/>
    <property name="surefire.real.class.path" value="/home/noah/Desktop/School/FinalProject/FinalProject_Group1Hydrogen/FinalProject_Group1Hydrogen/FinalProject/target/surefire/surefirebooter-20241020235533620_3.jar"/>
    <property name="sun.management.compiler" value="HotSpot 64-Bit Tiered Compilers"/>
    <property name="java.runtime.version" value="11.0.24+8-LTS"/>
    <property name="user.name" value="noah"/>
    <property name="path.separator" value=":"/>
    <property name="os.version" value="6.8.0-45-generic"/>
    <property name="java.runtime.name" value="OpenJDK Runtime Environment"/>
    <property name="file.encoding" value="UTF-8"/>
    <property name="java.vm.name" value="OpenJDK 64-Bit Server VM"/>
    <property name="skipTests" value="false"/>
    <property name="java.vendor.version" value="Corretto-11.0.24.8.1"/>
    <property name="maven.ext.class.path" value="/usr/lib/apache-netbeans/java/maven-nblib/netbeans-eventspy.jar"/>
    <property name="localRepository" value="/home/noah/.m2/repository"/>
    <property name="java.vendor.url.bug" value="https://github.com/corretto/corretto-11/issues/"/>
    <property name="java.io.tmpdir" value="/tmp"/>
    <property name="java.version" value="11.0.24"/>
    <property name="user.dir" value="/home/noah/Desktop/School/FinalProject/FinalProject_Group1Hydrogen/FinalProject_Group1Hydrogen/FinalProject"/>
    <property name="os.arch" value="amd64"/>
    <property name="java.vm.specification.name" value="Java Virtual Machine Specification"/>
    <property name="java.awt.printerjob" value="sun.print.PSPrinterJob"/>
    <property name="sun.os.patch.level" value="unknown"/>
    <property name="java.library.path" value="/usr/java/packages/lib:/usr/lib64:/lib64:/lib:/usr/lib"/>
    <property name="java.vm.info" value="mixed mode"/>
    <property name="java.vendor" value="Amazon.com Inc."/>
    <property name="java.vm.version" value="11.0.24+8-LTS"/>
    <property name="java.specification.maintenance.version" value="2"/>
    <property name="sun.io.unicode.encoding" value="UnicodeLittle"/>
    <property name="java.class.version" value="55.0"/>
  </properties>
  <testcase name="testFactorialFive" classname="edu.baker.finalproject.BigDecimalUtilsTest" time="0.027"/>
  <testcase name="testFactorialZero" classname="edu.baker.finalproject.BigDecimalUtilsTest" time="0.001"/>
  <testcase name="testExpZero" classname="edu.baker.finalproject.BigDecimalUtilsTest" time="0.002"/>
  <testcase name="testCos" classname="edu.baker.finalproject.BigDecimalUtilsTest" time="0.002"/>
  <testcase name="testLog(BigDecimal, BigDecimal)[1]" classname="edu.baker.finalproject.BigDecimalUtilsTest" time="0.024"/>
  <testcase name="testLog(BigDecimal, BigDecimal)[2]" classname="edu.baker.finalproject.BigDecimalUtilsTest" time="0.002"/>
  <testcase name="testLog(BigDecimal, BigDecimal)[3]" classname="edu.baker.finalproject.BigDecimalUtilsTest" time="0.001"/>
  <testcase name="testLog(BigDecimal, BigDecimal)[4]" classname="edu.baker.finalproject.BigDecimalUtilsTest" time="0.001"/>
  <testcase name="testPow(BigDecimal, BigDecimal, double)[1]" classname="edu.baker.finalproject.BigDecimalUtilsTest" time="0.004"/>
  <testcase name="testPow(BigDecimal, BigDecimal, double)[2]" classname="edu.baker.finalproject.BigDecimalUtilsTest" time="0.001"/>
  <testcase name="testPow(BigDecimal, BigDecimal, double)[3]" classname="edu.baker.finalproject.BigDecimalUtilsTest" time="0.001"/>
  <testcase name="testPow(BigDecimal, BigDecimal, double)[4]" classname="edu.baker.finalproject.BigDecimalUtilsTest" time="0.004"/>
  <testcase name="testPow(BigDecimal, BigDecimal, double)[5]" classname="edu.baker.finalproject.BigDecimalUtilsTest" time="0.002"/>
  <testcase name="testPow(BigDecimal, BigDecimal, double)[6]" classname="edu.baker.finalproject.BigDecimalUtilsTest" time="0.003"/>
  <testcase name="testPow(BigDecimal, BigDecimal, double)[7]" classname="edu.baker.finalproject.BigDecimalUtilsTest" time="0.003"/>
  <testcase name="testPow(BigDecimal, BigDecimal, double)[8]" classname="edu.baker.finalproject.BigDecimalUtilsTest" time="0.002"/>
  <testcase name="testSin" classname="edu.baker.finalproject.BigDecimalUtilsTest" time="0.001"/>
  <testcase name="testTan" classname="edu.baker.finalproject.BigDecimalUtilsTest" time="0.001"/>
  <testcase name="testIpowLong(BigDecimal, long, double)[1]" classname="edu.baker.finalproject.BigDecimalUtilsTest" time="0.001"/>
  <testcase name="testIpowLong(BigDecimal, long, double)[2]" classname="edu.baker.finalproject.BigDecimalUtilsTest" time="0.001"/>
  <testcase name="testIpowLong(BigDecimal, long, double)[3]" classname="edu.baker.finalproject.BigDecimalUtilsTest" time="0.001"/>
  <testcase name="testIpowLong(BigDecimal, long, double)[4]" classname="edu.baker.finalproject.BigDecimalUtilsTest" time="0.001"/>
  <testcase name="testIpowLong(BigDecimal, long, double)[5]" classname="edu.baker.finalproject.BigDecimalUtilsTest" time="0.001"/>
  <testcase name="testIpowLong(BigDecimal, long, double)[6]" classname="edu.baker.finalproject.BigDecimalUtilsTest" time="0.002"/>
  <testcase name="testIpowLong(BigDecimal, long, double)[7]" classname="edu.baker.finalproject.BigDecimalUtilsTest" time="0.001"/>
  <testcase name="testIpowLong(BigDecimal, long, double)[8]" classname="edu.baker.finalproject.BigDecimalUtilsTest" time="0.001"/>
  <testcase name="testExpLargePositive" classname="edu.baker.finalproject.BigDecimalUtilsTest" time="0.006"/>
  <testcase name="testFactorialOne" classname="edu.baker.finalproject.BigDecimalUtilsTest" time="0.0"/>
  <testcase name="testExp10(BigDecimal, double)[1]" classname="edu.baker.finalproject.BigDecimalUtilsTest" time="0.001"/>
  <testcase name="testExp10(BigDecimal, double)[2]" classname="edu.baker.finalproject.BigDecimalUtilsTest" time="0.002"/>
  <testcase name="testExp10(BigDecimal, double)[3]" classname="edu.baker.finalproject.BigDecimalUtilsTest" time="0.001"/>
  <testcase name="testExp10(BigDecimal, double)[4]" classname="edu.baker.finalproject.BigDecimalUtilsTest" time="0.002"/>
  <testcase name="testFloor(String, String)[1]" classname="edu.baker.finalproject.BigDecimalUtilsTest" time="0.011"/>
  <testcase name="testFloor(String, String)[2]" classname="edu.baker.finalproject.BigDecimalUtilsTest" time="0.002"/>
  <testcase name="testFloor(String, String)[3]" classname="edu.baker.finalproject.BigDecimalUtilsTest" time="0.001"/>
  <testcase name="testFloor(String, String)[4]" classname="edu.baker.finalproject.BigDecimalUtilsTest" time="0.001"/>
  <testcase name="testLog10(BigDecimal, double)[1]" classname="edu.baker.finalproject.BigDecimalUtilsTest" time="0.001"/>
  <testcase name="testLog10(BigDecimal, double)[2]" classname="edu.baker.finalproject.BigDecimalUtilsTest" time="0.0"/>
  <testcase name="testLog10(BigDecimal, double)[3]" classname="edu.baker.finalproject.BigDecimalUtilsTest" time="0.001"/>
  <testcase name="testLog10(BigDecimal, double)[4]" classname="edu.baker.finalproject.BigDecimalUtilsTest" time="0.001"/>
  <testcase name="testRecip" classname="edu.baker.finalproject.BigDecimalUtilsTest" time="0.001"/>
  <testcase name="testRound(String, String)[1]" classname="edu.baker.finalproject.BigDecimalUtilsTest" time="0.013"/>
  <testcase name="testRound(String, String)[2]" classname="edu.baker.finalproject.BigDecimalUtilsTest" time="0.0"/>
  <testcase name="testRound(String, String)[3]" classname="edu.baker.finalproject.BigDecimalUtilsTest" time="0.001"/>
  <testcase name="testRound(String, String)[4]" classname="edu.baker.finalproject.BigDecimalUtilsTest" time="0.001"/>
  <testcase name="testTrunc(String, String)[1]" classname="edu.baker.finalproject.BigDecimalUtilsTest" time="0.001"/>
  <testcase name="testTrunc(String, String)[2]" classname="edu.baker.finalproject.BigDecimalUtilsTest" time="0.001"/>
  <testcase name="testTrunc(String, String)[3]" classname="edu.baker.finalproject.BigDecimalUtilsTest" time="0.001"/>
  <testcase name="testTrunc(String, String)[4]" classname="edu.baker.finalproject.BigDecimalUtilsTest" time="0.001"/>
  <testcase name="testIrootDecimal(BigDecimal, BigDecimal, double)[1]" classname="edu.baker.finalproject.BigDecimalUtilsTest" time="0.002"/>
  <testcase name="testIrootDecimal(BigDecimal, BigDecimal, double)[2]" classname="edu.baker.finalproject.BigDecimalUtilsTest" time="0.001"/>
  <testcase name="testIrootDecimal(BigDecimal, BigDecimal, double)[3]" classname="edu.baker.finalproject.BigDecimalUtilsTest" time="0.002"/>
  <testcase name="testIrootDecimal(BigDecimal, BigDecimal, double)[4]" classname="edu.baker.finalproject.BigDecimalUtilsTest" time="0.001"/>
  <testcase name="testIrootDecimal(BigDecimal, BigDecimal, double)[5]" classname="edu.baker.finalproject.BigDecimalUtilsTest" time="0.001"/>
  <testcase name="testIrootDecimal(BigDecimal, BigDecimal, double)[6]" classname="edu.baker.finalproject.BigDecimalUtilsTest" time="0.001"/>
  <testcase name="testIrootDecimal(BigDecimal, BigDecimal, double)[7]" classname="edu.baker.finalproject.BigDecimalUtilsTest" time="0.0"/>
  <testcase name="testIrootDecimal(BigDecimal, BigDecimal, double)[8]" classname="edu.baker.finalproject.BigDecimalUtilsTest" time="0.002"/>
  <testcase name="testIrootDecimal(BigDecimal, BigDecimal, double)[9]" classname="edu.baker.finalproject.BigDecimalUtilsTest" time="0.001"/>
  <testcase name="testIrootDecimal(BigDecimal, BigDecimal, double)[10]" classname="edu.baker.finalproject.BigDecimalUtilsTest" time="0.002"/>
  <testcase name="testExpLargeNegative" classname="edu.baker.finalproject.BigDecimalUtilsTest" time="0.002"/>
  <testcase name="testFactorialNonInteger" classname="edu.baker.finalproject.BigDecimalUtilsTest" time="0.003"/>
  <testcase name="testAcos(BigDecimal, double)[1]" classname="edu.baker.finalproject.BigDecimalUtilsTest" time="0.005"/>
  <testcase name="testAcos(BigDecimal, double)[2]" classname="edu.baker.finalproject.BigDecimalUtilsTest" time="0.003"/>
  <testcase name="testAcos(BigDecimal, double)[3]" classname="edu.baker.finalproject.BigDecimalUtilsTest" time="0.004"/>
  <testcase name="testAsin" classname="edu.baker.finalproject.BigDecimalUtilsTest" time="0.001"/>
  <testcase name="testAtan" classname="edu.baker.finalproject.BigDecimalUtilsTest" time="0.001"/>
  <testcase name="testCeil(String, String)[1]" classname="edu.baker.finalproject.BigDecimalUtilsTest" time="0.001"/>
  <testcase name="testCeil(String, String)[2]" classname="edu.baker.finalproject.BigDecimalUtilsTest" time="0.001"/>
  <testcase name="testCeil(String, String)[3]" classname="edu.baker.finalproject.BigDecimalUtilsTest" time="0.001"/>
  <testcase name="testCeil(String, String)[4]" classname="edu.baker.finalproject.BigDecimalUtilsTest" time="0.001"/>
  <testcase name="testPi" classname="edu.baker.finalproject.BigDecimalUtilsTest" time="0.003"/>
  <testcase name="testAtan2PositiveY" classname="edu.baker.finalproject.BigDecimalUtilsTest" time="0.001"/>
  <testcase name="testIrootLong(BigDecimal, long, double)[1]" classname="edu.baker.finalproject.BigDecimalUtilsTest" time="0.001"/>
  <testcase name="testIrootLong(BigDecimal, long, double)[2]" classname="edu.baker.finalproject.BigDecimalUtilsTest" time="0.002"/>
  <testcase name="testIrootLong(BigDecimal, long, double)[3]" classname="edu.baker.finalproject.BigDecimalUtilsTest" time="0.001"/>
  <testcase name="testIrootLong(BigDecimal, long, double)[4]" classname="edu.baker.finalproject.BigDecimalUtilsTest" time="0.001"/>
  <testcase name="testIrootLong(BigDecimal, long, double)[5]" classname="edu.baker.finalproject.BigDecimalUtilsTest" time="0.001"/>
  <testcase name="testIrootLong(BigDecimal, long, double)[6]" classname="edu.baker.finalproject.BigDecimalUtilsTest" time="0.001"/>
  <testcase name="testIrootLong(BigDecimal, long, double)[7]" classname="edu.baker.finalproject.BigDecimalUtilsTest" time="0.0"/>
  <testcase name="testIrootLong(BigDecimal, long, double)[8]" classname="edu.baker.finalproject.BigDecimalUtilsTest" time="0.001"/>
  <testcase name="testIrootLong(BigDecimal, long, double)[9]" classname="edu.baker.finalproject.BigDecimalUtilsTest" time="0.001"/>
  <testcase name="testIrootLong(BigDecimal, long, double)[10]" classname="edu.baker.finalproject.BigDecimalUtilsTest" time="0.001"/>
  <testcase name="testAtan2NegativeCoordinates" classname="edu.baker.finalproject.BigDecimalUtilsTest" time="0.001"/>
  <testcase name="testAtan2NegativeY" classname="edu.baker.finalproject.BigDecimalUtilsTest" time="0.001"/>
  <testcase name="testExpPrecision" classname="edu.baker.finalproject.BigDecimalUtilsTest" time="0.001"/>
  <testcase name="testAtan2PositiveCoordinates" classname="edu.baker.finalproject.BigDecimalUtilsTest" time="0.001"/>
  <testcase name="testIpowDecimal(BigDecimal, BigDecimal, double)[1]" classname="edu.baker.finalproject.BigDecimalUtilsTest" time="0.001"/>
  <testcase name="testIpowDecimal(BigDecimal, BigDecimal, double)[2]" classname="edu.baker.finalproject.BigDecimalUtilsTest" time="0.0"/>
  <testcase name="testIpowDecimal(BigDecimal, BigDecimal, double)[3]" classname="edu.baker.finalproject.BigDecimalUtilsTest" time="0.0"/>
  <testcase name="testIpowDecimal(BigDecimal, BigDecimal, double)[4]" classname="edu.baker.finalproject.BigDecimalUtilsTest" time="0.0"/>
  <testcase name="testIpowDecimal(BigDecimal, BigDecimal, double)[5]" classname="edu.baker.finalproject.BigDecimalUtilsTest" time="0.0"/>
  <testcase name="testIpowDecimal(BigDecimal, BigDecimal, double)[6]" classname="edu.baker.finalproject.BigDecimalUtilsTest" time="0.001"/>
  <testcase name="testIpowDecimal(BigDecimal, BigDecimal, double)[7]" classname="edu.baker.finalproject.BigDecimalUtilsTest" time="0.001"/>
  <testcase name="testIpowDecimal(BigDecimal, BigDecimal, double)[8]" classname="edu.baker.finalproject.BigDecimalUtilsTest" time="0.0"/>
  <testcase name="testIpowDecimal(BigDecimal, BigDecimal, double)[9]" classname="edu.baker.finalproject.BigDecimalUtilsTest" time="0.0"/>
  <testcase name="testIpowDecimal(BigDecimal, BigDecimal, double)[10]" classname="edu.baker.finalproject.BigDecimalUtilsTest" time="0.0"/>
  <testcase name="testAtan2Zero" classname="edu.baker.finalproject.BigDecimalUtilsTest" time="0.001"/>
  <testcase name="testExpVariousInputs(String, String)[1]" classname="edu.baker.finalproject.BigDecimalUtilsTest" time="0.002"/>
  <testcase name="testExpVariousInputs(String, String)[2]" classname="edu.baker.finalproject.BigDecimalUtilsTest" time="0.001"/>
  <testcase name="testExpVariousInputs(String, String)[3]" classname="edu.baker.finalproject.BigDecimalUtilsTest" time="0.001"/>
  <testcase name="testExpVariousInputs(String, String)[4]" classname="edu.baker.finalproject.BigDecimalUtilsTest" time="0.001"/>
  <testcase name="testExpVariousInputs(String, String)[5]" classname="edu.baker.finalproject.BigDecimalUtilsTest" time="0.001"/>
  <testcase name="testExpOne" classname="edu.baker.finalproject.BigDecimalUtilsTest" time="0.001"/>
  <testcase name="testEPrecision" classname="edu.baker.finalproject.BigDecimalUtilsTest" time="0.0"/>
  <testcase name="testEHigherPrecision" classname="edu.baker.finalproject.BigDecimalUtilsTest" time="0.0"/>
  <testcase name="testFactorialNegative" classname="edu.baker.finalproject.BigDecimalUtilsTest" time="0.0"/>
</testsuite>